<?xml version="1.0" encoding="UTF-8"?>
<!-- Generated by org.testng.reporters.JUnitReportReporter -->
<testsuite hostname="DESKTOP-6VP4L9M" failures="0" tests="10" name="logical_Program_IMP.string_sample_program" time="0.030" errors="0" timestamp="2024-12-03T18:21:53 IST" skipped="0">
  <testcase classname="logical_Program_IMP.string_sample_program" name="printEachWord" time="0.014"/>
  <system-out/>
  <testcase classname="logical_Program_IMP.string_sample_program" name="upperCaseLetter" time="0.001"/>
  <system-out/>
  <testcase classname="logical_Program_IMP.string_sample_program" name="lowerCaseLetter" time="0.002"/>
  <system-out/>
  <testcase classname="logical_Program_IMP.string_sample_program" name="printChracterAndDigit" time="0.002"/>
  <system-out/>
  <testcase classname="logical_Program_IMP.string_sample_program" name="stringWithoutWhiteSpace" time="0.004"/>
  <system-out/>
  <testcase classname="logical_Program_IMP.string_sample_program" name="removeWhiteSpace" time="0.002"/>
  <system-out/>
  <testcase classname="logical_Program_IMP.string_sample_program" name="allSeprate" time="0.001"/>
  <system-out/>
  <testcase classname="logical_Program_IMP.string_sample_program" name="uppercaseAndLowercase" time="0.000"/>
  <system-out/>
  <testcase classname="logical_Program_IMP.string_sample_program" name="eachFirstLetterUppercase" time="0.001"/>
  <system-out/>
  <testcase classname="logical_Program_IMP.string_sample_program" name="eachFirstLetterLowercase" time="0.003"/>
  <system-out/>
</testsuite> <!-- logical_Program_IMP.string_sample_program -->
