<?xml version="1.0" encoding="UTF-8"?>
<!-- Generated by org.testng.reporters.JUnitReportReporter -->
<testsuite hostname="DESKTOP-6VP4L9M" failures="0" tests="1" name="Testing.Validate_BydataDriven" time="7.578" errors="0" timestamp="2021-12-30T12:46:31 IST" skipped="0">
  <testcase classname="Testing.Validate_BydataDriven" name="Excel" time="7.578"/>
  <system-out/>
</testsuite> <!-- Testing.Validate_BydataDriven -->
