<?xml version="1.0" encoding="UTF-8"?>
<!-- Generated by org.testng.reporters.JUnitReportReporter -->
<testsuite hostname="DESKTOP-6VP4L9M" failures="0" tests="1" name="Testing_homepage.External_report" time="0.011" errors="0" timestamp="2022-01-30T10:36:20 IST" skipped="0">
  <testcase classname="Testing_homepage.External_report" name="test" time="0.011"/>
  <system-out/>
</testsuite> <!-- Testing_homepage.External_report -->
