<?xml version="1.0" encoding="UTF-8"?>
<!-- Generated by org.testng.reporters.JUnitReportReporter -->
<testsuite hostname="DESKTOP-6VP4L9M" failures="0" tests="2" name="Testing_homepage.Zeroda_Test_buy_Sell" time="34.977" errors="0" timestamp="2021-12-21T21:51:23 IST" skipped="0">
  <testcase classname="Testing_homepage.Zeroda_Test_buy_Sell" name="Buy" time="17.840"/>
  <system-out/>
  <testcase classname="Testing_homepage.Zeroda_Test_buy_Sell" name="Sell" time="17.137"/>
  <system-out/>
</testsuite> <!-- Testing_homepage.Zeroda_Test_buy_Sell -->
