<?xml version="1.0" encoding="UTF-8"?>
<!-- Generated by org.testng.reporters.JUnitReportReporter -->
<testsuite hostname="DESKTOP-6VP4L9M" failures="0" tests="1" name="Testing_homepage.Test_Ng_Annotations" time="12.005" errors="0" timestamp="2021-12-21T21:51:23 IST" skipped="0">
  <testcase classname="Testing_homepage.Test_Ng_Annotations" name="Login_withoutwrong" time="12.005"/>
  <system-out/>
</testsuite> <!-- Testing_homepage.Test_Ng_Annotations -->
