<?xml version="1.0" encoding="UTF-8"?>
<!-- Generated by org.testng.reporters.JUnitReportReporter -->
<testsuite hostname="DESKTOP-6VP4L9M" failures="0" tests="1" name="zerodaloginBY.login_byPOM" time="7.234" errors="0" timestamp="2021-12-22T08:15:30 IST" skipped="0">
  <testcase classname="zerodaloginBY.login_byPOM" name="correct_idpw" time="7.234"/>
  <system-out/>
</testsuite> <!-- zerodaloginBY.login_byPOM -->
