<?xml version="1.0" encoding="UTF-8"?>
<!-- Generated by org.testng.reporters.JUnitReportReporter -->
<testsuite hostname="DESKTOP-6VP4L9M" failures="0" tests="1" name="POM_TestNG.Test_Ng_Annotations" time="0.007" errors="0" timestamp="2021-12-20T21:22:48 IST" skipped="0">
  <testcase classname="POM_TestNG.Test_Ng_Annotations" name="Login_AB" time="0.007"/>
  <system-out/>
</testsuite> <!-- POM_TestNG.Test_Ng_Annotations -->
