<?xml version="1.0" encoding="UTF-8"?>
<!-- Generated by org.testng.reporters.JUnitReportReporter -->
<testsuite hostname="DESKTOP-6VP4L9M" failures="0" tests="1" name="POM_TestNG.KeyWord_TestNG" time="0.017" errors="0" timestamp="2021-12-20T21:37:26 IST" skipped="0">
  <testcase classname="POM_TestNG.KeyWord_TestNG" name="Login_ankita" time="0.017"/>
  <system-out/>
</testsuite> <!-- POM_TestNG.KeyWord_TestNG -->
