<?xml version="1.0" encoding="UTF-8"?>
<!-- Generated by org.testng.reporters.JUnitReportReporter -->
<testsuite hostname="DESKTOP-6VP4L9M" failures="0" tests="1" name="POM_TestNG.KeyWord" time="0.006" errors="0" timestamp="2021-12-26T07:45:01 IST" skipped="0">
  <testcase classname="POM_TestNG.KeyWord" name="ab" time="0.006"/>
  <system-out/>
</testsuite> <!-- POM_TestNG.KeyWord -->
